This file contains any messages produced by compilers while
running configure, to aid debugging if configure makes a mistake.

It was created by libnl configure 1.1.4, which was
generated by GNU Autoconf 2.68.  Invocation command line was

  $ ./configure CFLAGS=-m32 CXXFLAGS=-m32 LDFLAGS=-m32 --prefix=/home/danielet/DURIP_PROJECT/libnl-1.1.4/OUTPUT-NL-32bit

## --------- ##
## Platform. ##
## --------- ##

hostname = pcsensori14
uname -m = x86_64
uname -r = 3.8.0-35-generic
uname -s = Linux
uname -v = #52~precise1-Ubuntu SMP Thu Jan 30 17:24:40 UTC 2014

/usr/bin/uname -p = unknown
/bin/uname -X     = unknown

/bin/arch              = unknown
/usr/bin/arch -k       = unknown
/usr/convex/getsysinfo = unknown
/usr/bin/hostinfo      = unknown
/bin/machine           = unknown
/usr/bin/oslevel       = unknown
/bin/universe          = unknown

PATH: /usr/lib/lightdm/lightdm
PATH: /usr/local/sbin
PATH: /usr/local/bin
PATH: /usr/sbin
PATH: /usr/bin
PATH: /sbin
PATH: /bin
PATH: /usr/games
PATH: /locale/ANDROID/bin
PATH: /locale/ANDROID/android-ndk-r8e/
PATH: /sbin
PATH: /usr/sbin
PATH: /locale/ANDROID/android-ndk-r8e/toolchains/arm-linux-androideabi-4.6/prebuilt/linux-x86_64/bin
PATH: /home/danielet/eclipse/
PATH: /locale/ANDROID/android-sdk-linux/platform-tools
PATH: /home/danielet/Sublime


## ----------- ##
## Core tests. ##
## ----------- ##

configure:1825: checking for gcc
configure:1841: found /usr/bin/gcc
configure:1852: result: gcc
configure:2081: checking for C compiler version
configure:2090: gcc --version >&5
gcc (Ubuntu/Linaro 4.6.3-1ubuntu5) 4.6.3
Copyright (C) 2011 Free Software Foundation, Inc.
This is free software; see the source for copying conditions.  There is NO
warranty; not even for MERCHANTABILITY or FITNESS FOR A PARTICULAR PURPOSE.

configure:2101: $? = 0
configure:2090: gcc -v >&5
Using built-in specs.
COLLECT_GCC=gcc
COLLECT_LTO_WRAPPER=/usr/lib/gcc/x86_64-linux-gnu/4.6/lto-wrapper
Target: x86_64-linux-gnu
Configured with: ../src/configure -v --with-pkgversion='Ubuntu/Linaro 4.6.3-1ubuntu5' --with-bugurl=file:///usr/share/doc/gcc-4.6/README.Bugs --enable-languages=c,c++,fortran,objc,obj-c++ --prefix=/usr --program-suffix=-4.6 --enable-shared --enable-linker-build-id --with-system-zlib --libexecdir=/usr/lib --without-included-gettext --enable-threads=posix --with-gxx-include-dir=/usr/include/c++/4.6 --libdir=/usr/lib --enable-nls --with-sysroot=/ --enable-clocale=gnu --enable-libstdcxx-debug --enable-libstdcxx-time=yes --enable-gnu-unique-object --enable-plugin --enable-objc-gc --disable-werror --with-arch-32=i686 --with-tune=generic --enable-checking=release --build=x86_64-linux-gnu --host=x86_64-linux-gnu --target=x86_64-linux-gnu
Thread model: posix
gcc version 4.6.3 (Ubuntu/Linaro 4.6.3-1ubuntu5) 
configure:2101: $? = 0
configure:2090: gcc -V >&5
gcc: error: unrecognized option '-V'
gcc: fatal error: no input files
compilation terminated.
configure:2101: $? = 4
configure:2090: gcc -qversion >&5
gcc: error: unrecognized option '-qversion'
gcc: fatal error: no input files
compilation terminated.
configure:2101: $? = 4
configure:2121: checking whether the C compiler works
configure:2143: gcc -m32  -m32 conftest.c  >&5
configure:2147: $? = 0
configure:2195: result: yes
configure:2198: checking for C compiler default output file name
configure:2200: result: a.out
configure:2206: checking for suffix of executables
configure:2213: gcc -o conftest -m32  -m32 conftest.c  >&5
configure:2217: $? = 0
configure:2239: result: 
configure:2261: checking whether we are cross compiling
configure:2269: gcc -o conftest -m32  -m32 conftest.c  >&5
configure:2273: $? = 0
configure:2280: ./conftest
configure:2284: $? = 0
configure:2299: result: no
configure:2304: checking for suffix of object files
configure:2326: gcc -c -m32  conftest.c >&5
configure:2330: $? = 0
configure:2351: result: o
configure:2355: checking whether we are using the GNU C compiler
configure:2374: gcc -c -m32  conftest.c >&5
configure:2374: $? = 0
configure:2383: result: yes
configure:2392: checking whether gcc accepts -g
configure:2412: gcc -c -g  conftest.c >&5
configure:2412: $? = 0
configure:2453: result: yes
configure:2470: checking for gcc option to accept ISO C89
configure:2534: gcc  -c -m32  conftest.c >&5
configure:2534: $? = 0
configure:2547: result: none needed
configure:2610: checking for a BSD-compatible install
configure:2678: result: /usr/bin/install -c
configure:2691: checking for an ANSI C-conforming const
configure:2756: gcc -c -m32  conftest.c >&5
configure:2756: $? = 0
configure:2763: result: yes
configure:2771: checking for inline
configure:2787: gcc -c -m32  conftest.c >&5
configure:2787: $? = 0
configure:2795: result: inline
configure:2820: checking for pow in -lm
configure:2845: gcc -o conftest -m32  -m32 conftest.c -lm   >&5
conftest.c:16:6: warning: conflicting types for built-in function 'pow' [enabled by default]
configure:2845: $? = 0
configure:2854: result: yes
configure:2904: checking for pthread_mutex_lock in -lpthread
configure:2929: gcc -o conftest -m32  -m32 conftest.c -lpthread   >&5
configure:2929: $? = 0
configure:2938: result: yes
configure:3077: creating ./config.status

## ---------------------- ##
## Running config.status. ##
## ---------------------- ##

This file was extended by libnl config.status 1.1.4, which was
generated by GNU Autoconf 2.68.  Invocation command line was

  CONFIG_FILES    = 
  CONFIG_HEADERS  = 
  CONFIG_LINKS    = 
  CONFIG_COMMANDS = 
  $ ./config.status 

on pcsensori14

config.status:803: creating Makefile.opts
config.status:906: WARNING:  'Makefile.opts.in' seems to ignore the --datarootdir setting
config.status:803: creating libnl-1.pc
config.status:803: creating doc/Doxyfile
config.status:803: creating lib/defs.h
config.status:978: lib/defs.h is unchanged

## ---------------- ##
## Cache variables. ##
## ---------------- ##

ac_cv_c_compiler_gnu=yes
ac_cv_c_const=yes
ac_cv_c_inline=inline
ac_cv_env_CC_set=
ac_cv_env_CC_value=
ac_cv_env_CFLAGS_set=set
ac_cv_env_CFLAGS_value=-m32
ac_cv_env_CPPFLAGS_set=
ac_cv_env_CPPFLAGS_value=
ac_cv_env_LDFLAGS_set=set
ac_cv_env_LDFLAGS_value=-m32
ac_cv_env_LIBS_set=
ac_cv_env_LIBS_value=
ac_cv_env_build_alias_set=
ac_cv_env_build_alias_value=
ac_cv_env_host_alias_set=
ac_cv_env_host_alias_value=
ac_cv_env_target_alias_set=
ac_cv_env_target_alias_value=
ac_cv_lib_m_pow=yes
ac_cv_lib_pthread_pthread_mutex_lock=yes
ac_cv_objext=o
ac_cv_path_install='/usr/bin/install -c'
ac_cv_prog_ac_ct_CC=gcc
ac_cv_prog_cc_c89=
ac_cv_prog_cc_g=yes

## ----------------- ##
## Output variables. ##
## ----------------- ##

CC='gcc'
CFLAGS='-m32'
CPPFLAGS=''
DEFS='-DHAVE_CONFIG_H'
ECHO_C=''
ECHO_N='-n'
ECHO_T=''
EXEEXT=''
INSTALL_DATA='${INSTALL} -m 644'
INSTALL_PROGRAM='${INSTALL}'
INSTALL_SCRIPT='${INSTALL}'
LDFLAGS='-m32'
LIBNL_LIB='-lm -lpthread'
LIBOBJS=''
LIBS=''
LTLIBOBJS=''
OBJEXT='o'
PACKAGE_BUGREPORT='tgraf@suug.ch'
PACKAGE_NAME='libnl'
PACKAGE_STRING='libnl 1.1.4'
PACKAGE_TARNAME='libnl'
PACKAGE_URL=''
PACKAGE_VERSION='1.1.4'
PATH_SEPARATOR=':'
SHELL='/bin/bash'
ac_ct_CC='gcc'
bindir='${exec_prefix}/bin'
build_alias=''
datadir='${datarootdir}'
datarootdir='${prefix}/share'
docdir='${datarootdir}/doc/${PACKAGE_TARNAME}'
dvidir='${docdir}'
exec_prefix='${prefix}'
host_alias=''
htmldir='${docdir}'
includedir='${prefix}/include'
infodir='${datarootdir}/info'
libdir='${exec_prefix}/lib'
libexecdir='${exec_prefix}/libexec'
localedir='${datarootdir}/locale'
localstatedir='${prefix}/var'
mandir='${datarootdir}/man'
oldincludedir='/usr/include'
pdfdir='${docdir}'
prefix='/home/danielet/DURIP_PROJECT/libnl-1.1.4/OUTPUT-NL-32bit'
program_transform_name='s,x,x,'
psdir='${docdir}'
sbindir='${exec_prefix}/sbin'
sharedstatedir='${prefix}/com'
sysconfdir='${prefix}/etc'
target_alias=''

## ----------- ##
## confdefs.h. ##
## ----------- ##

/* confdefs.h */
#define PACKAGE_NAME "libnl"
#define PACKAGE_TARNAME "libnl"
#define PACKAGE_VERSION "1.1.4"
#define PACKAGE_STRING "libnl 1.1.4"
#define PACKAGE_BUGREPORT "tgraf@suug.ch"
#define PACKAGE_URL ""

configure: exit 0
